[20:33:31] [Client thread/INFO]: Setting user: Player359
[20:33:35] [Client thread/INFO]: LWJGL Version: 2.9.1
[20:33:39] [Client thread/INFO]: Reloading ResourceManager: Default, FMLFileResourcePack:Forge Mod Loader, FMLFileResourcePack:Minecraft Forge, FMLFileResourcePack:Mo' Tools Mod
[20:33:40] [Sound Library Loader/INFO]: Starting up SoundSystem...
[20:33:40] [Thread-7/INFO]: Initializing LWJGL OpenAL
[20:33:40] [Thread-7/INFO]: (The LWJGL binding of OpenAL.  For more information, see http://www.lwjgl.org)
[20:33:40] [Thread-7/INFO]: OpenAL initialized.
[20:33:40] [Sound Library Loader/INFO]: Sound engine started
[20:33:46] [Client thread/INFO]: Created: 512x512 textures-atlas
[20:33:47] [Client thread/INFO]: Reloading ResourceManager: Default, FMLFileResourcePack:Forge Mod Loader, FMLFileResourcePack:Minecraft Forge, FMLFileResourcePack:Mo' Tools Mod
[20:33:48] [Client thread/INFO]: SoundSystem shutting down...
[20:33:48] [Client thread/WARN]: Author: Paul Lamb, www.paulscode.com
[20:33:48] [Sound Library Loader/INFO]: Starting up SoundSystem...
[20:33:48] [Thread-9/INFO]: Initializing LWJGL OpenAL
[20:33:48] [Thread-9/INFO]: (The LWJGL binding of OpenAL.  For more information, see http://www.lwjgl.org)
[20:33:48] [Thread-9/INFO]: OpenAL initialized.
[20:33:48] [Sound Library Loader/INFO]: Sound engine started
[20:33:52] [Client thread/INFO]: Created: 512x512 textures-atlas
[20:33:57] [Client thread/INFO]: Deleting level Test World
[20:33:57] [Client thread/INFO]: Attempt 1...
[20:34:06] [Server thread/INFO]: Starting integrated minecraft server version 1.8
[20:34:06] [Server thread/INFO]: Generating keypair
[20:34:06] [Server thread/INFO]: Converting map!
[20:34:06] [Server thread/INFO]: Scanning folders...
[20:34:06] [Server thread/INFO]: Total conversion count is 0
[20:34:07] [Server thread/INFO]: Preparing start region for level 0
[20:34:09] [Server thread/INFO]: Preparing spawn area: 4%
[20:34:10] [Server thread/INFO]: Preparing spawn area: 9%
[20:34:11] [Server thread/INFO]: Preparing spawn area: 15%
[20:34:12] [Server thread/INFO]: Preparing spawn area: 20%
[20:34:13] [Server thread/INFO]: Preparing spawn area: 24%
[20:34:14] [Server thread/INFO]: Preparing spawn area: 33%
[20:34:15] [Server thread/INFO]: Preparing spawn area: 43%
[20:34:16] [Server thread/INFO]: Preparing spawn area: 53%
[20:34:17] [Server thread/INFO]: Preparing spawn area: 61%
[20:34:18] [Server thread/INFO]: Preparing spawn area: 69%
[20:34:19] [Server thread/INFO]: Preparing spawn area: 79%
[20:34:20] [Server thread/INFO]: Preparing spawn area: 89%
[20:34:21] [Server thread/INFO]: Preparing spawn area: 99%
[20:34:21] [Server thread/INFO]: Changing view distance to 12, from 10
[20:34:22] [Server thread/INFO]: Player359[local:E:cff63e04] logged in with entity id 194 at (-165.5, 65.0, 248.5)
[20:34:22] [Server thread/INFO]: Player359 joined the game
[20:34:25] [Server thread/INFO]: Saving and pausing game...
[20:34:25] [Server thread/INFO]: Saving chunks for level 'Test World 1'/Overworld
[20:34:31] [Server thread/INFO]: Saving chunks for level 'Test World 1'/Nether
[20:34:31] [Server thread/INFO]: Saving chunks for level 'Test World 1'/The End
[20:34:31] [Server thread/WARN]: Can't keep up! Did the system time change, or is the server overloaded? Running 9438ms behind, skipping 188 tick(s)
[20:34:43] [Server thread/INFO]: Saving and pausing game...
[20:34:43] [Server thread/INFO]: Saving chunks for level 'Test World 1'/Overworld
[20:34:44] [Server thread/INFO]: Saving chunks for level 'Test World 1'/Nether
[20:34:44] [Server thread/INFO]: Saving chunks for level 'Test World 1'/The End
[20:35:01] [Server thread/INFO]: Changing view distance to 8, from 12
[20:35:10] [Server thread/INFO]: Player359 has just earned the achievement [Taking Inventory]
[20:35:10] [Client thread/INFO]: [CHAT] Player359 has just earned the achievement [Taking Inventory]
[20:35:15] [Server thread/INFO]: Saving and pausing game...
[20:35:15] [Server thread/INFO]: Saving chunks for level 'Test World 1'/Overworld
[20:35:15] [Server thread/INFO]: Saving chunks for level 'Test World 1'/Nether
[20:35:15] [Server thread/INFO]: Saving chunks for level 'Test World 1'/The End
[20:35:15] [Server thread/INFO]: Stopping server
[20:35:15] [Server thread/INFO]: Saving players
[20:35:15] [Server thread/INFO]: Saving worlds
[20:35:15] [Server thread/INFO]: Saving chunks for level 'Test World 1'/Overworld
[20:35:15] [Server thread/INFO]: Saving chunks for level 'Test World 1'/Nether
[20:35:15] [Server thread/INFO]: Saving chunks for level 'Test World 1'/The End
[20:35:17] [Client thread/INFO]: Stopping!
[20:35:17] [Client thread/INFO]: SoundSystem shutting down...
[20:35:18] [Client thread/WARN]: Author: Paul Lamb, www.paulscode.com
