[20:52:06] [Client thread/INFO]: Setting user: Player309
[20:52:10] [Client thread/INFO]: LWJGL Version: 2.9.1
[20:52:13] [Client thread/INFO]: Reloading ResourceManager: Default, FMLFileResourcePack:Forge Mod Loader, FMLFileResourcePack:Minecraft Forge, FMLFileResourcePack:Mo' Core
[20:52:14] [Sound Library Loader/INFO]: Starting up SoundSystem...
[20:52:14] [Thread-7/INFO]: Initializing LWJGL OpenAL
[20:52:14] [Thread-7/INFO]: (The LWJGL binding of OpenAL.  For more information, see http://www.lwjgl.org)
[20:52:14] [Thread-7/INFO]: OpenAL initialized.
[20:52:14] [Sound Library Loader/INFO]: Sound engine started
[20:52:19] [Client thread/INFO]: Created: 512x512 textures-atlas
[20:52:20] [Client thread/INFO]: Reloading ResourceManager: Default, FMLFileResourcePack:Forge Mod Loader, FMLFileResourcePack:Minecraft Forge, FMLFileResourcePack:Mo' Core
[20:52:20] [Client thread/INFO]: SoundSystem shutting down...
[20:52:20] [Client thread/WARN]: Author: Paul Lamb, www.paulscode.com
[20:52:20] [Sound Library Loader/INFO]: Starting up SoundSystem...
[20:52:21] [Thread-9/INFO]: Initializing LWJGL OpenAL
[20:52:21] [Thread-9/INFO]: (The LWJGL binding of OpenAL.  For more information, see http://www.lwjgl.org)
[20:52:21] [Thread-9/INFO]: OpenAL initialized.
[20:52:21] [Sound Library Loader/INFO]: Sound engine started
[20:52:24] [Client thread/INFO]: Created: 512x512 textures-atlas
[20:52:28] [Server thread/INFO]: Starting integrated minecraft server version 1.8
[20:52:28] [Server thread/INFO]: Generating keypair
[20:52:28] [Server thread/INFO]: Preparing start region for level 0
[20:52:29] [Server thread/INFO]: Preparing spawn area: 84%
[20:52:30] [Server thread/INFO]: Changing view distance to 8, from 10
[20:52:31] [Server thread/INFO]: Player309[local:E:47680fa6] logged in with entity id 11 at (137.32740583634774, 64.0, 262.81197900383194)
[20:52:31] [Server thread/INFO]: Player309 joined the game
[20:52:41] [Server thread/INFO]: Saving and pausing game...
[20:52:41] [Server thread/INFO]: Saving chunks for level 'Test World 1'/Overworld
[20:52:42] [Server thread/INFO]: Saving chunks for level 'Test World 1'/Nether
[20:52:42] [Server thread/INFO]: Saving chunks for level 'Test World 1'/The End
[20:52:42] [Server thread/INFO]: Stopping server
[20:52:42] [Server thread/INFO]: Saving players
[20:52:42] [Server thread/INFO]: Saving worlds
[20:52:42] [Server thread/INFO]: Saving chunks for level 'Test World 1'/Overworld
[20:52:42] [Server thread/INFO]: Saving chunks for level 'Test World 1'/Nether
[20:52:42] [Server thread/INFO]: Saving chunks for level 'Test World 1'/The End
[20:52:43] [Client thread/INFO]: Stopping!
[20:52:43] [Client thread/INFO]: SoundSystem shutting down...
[20:52:43] [Client thread/WARN]: Author: Paul Lamb, www.paulscode.com
